Removed Pin From Net: NetName=NetJ1_3 Pin=U1-60
Added Component: Designator=Q1(Op-amp)
Add component. Clean all parameters for all variants
Added Component: Designator=R3(resistencia)
Add component. Clean all parameters for all variants
Added Component: Designator=R4(resistencia)
Add component. Clean all parameters for all variants
Added Component: Designator=R5(resistencia)
Add component. Clean all parameters for all variants
Added Component: Designator=R6(resistencia)
Add component. Clean all parameters for all variants
Added Component: Designator=R7(resistencia)
Add component. Clean all parameters for all variants
Added Pin To Net: NetName=NetJ1_3 Pin=Q1-3
Added Pin To Net: NetName=+3.3V Pin=Q1-4
Added Pin To Net: NetName=GND Pin=Q1-11
Added Pin To Net: NetName=GND Pin=R7-2
Added Pin To Net: NetName=NetQ1_1 Pin=Q1-1
Added Pin To Net: NetName=NetQ1_1 Pin=R3-1
Added Net: Name=NetQ1_1
Added Pin To Net: NetName=NetQ1_2 Pin=Q1-2
Added Pin To Net: NetName=NetQ1_2 Pin=R4-1
Added Pin To Net: NetName=NetQ1_2 Pin=R5-2
Added Pin To Net: NetName=NetQ1_2 Pin=U1-60
Added Net: Name=NetQ1_2
Added Pin To Net: NetName=NetR3_2 Pin=R3-2
Added Pin To Net: NetName=NetR3_2 Pin=R4-2
Added Net: Name=NetR3_2
Added Pin To Net: NetName=NetR5_1 Pin=R5-1
Added Pin To Net: NetName=NetR5_1 Pin=R6-2
Added Net: Name=NetR5_1
Added Pin To Net: NetName=NetR6_1 Pin=R6-1
Added Pin To Net: NetName=NetR6_1 Pin=R7-1
Added Net: Name=NetR6_1
Added Member To Class: ClassName=Esquematico_microcotrolador_actuador1 Member=Component Q1 Op-amp
Added Member To Class: ClassName=Esquematico_microcotrolador_actuador1 Member=Component R3 1k
Added Member To Class: ClassName=Esquematico_microcotrolador_actuador1 Member=Component R4 2.7k
Added Member To Class: ClassName=Esquematico_microcotrolador_actuador1 Member=Component R5 47
Added Member To Class: ClassName=Esquematico_microcotrolador_actuador1 Member=Component R6 1k
Added Member To Class: ClassName=Esquematico_microcotrolador_actuador1 Member=Component R7 10k
Added Room: Name=Esquematico_microcotrolador_actuador1
